[0.000000] (-) TimerEvent: {}
[0.000323] (-) JobUnselected: {'identifier': 'M3Pro_KCF'}
[0.000362] (-) JobUnselected: {'identifier': 'M3Pro_MoveIt_demo'}
[0.000476] (-) JobUnselected: {'identifier': 'M3Pro_config'}
[0.000502] (-) JobUnselected: {'identifier': 'M3Pro_demo'}
[0.000521] (-) JobUnselected: {'identifier': 'arm_driver'}
[0.000538] (-) JobUnselected: {'identifier': 'arm_interface'}
[0.000555] (-) JobUnselected: {'identifier': 'arm_kin'}
[0.000573] (-) JobUnselected: {'identifier': 'arm_msgs'}
[0.000590] (-) JobUnselected: {'identifier': 'orbbec_camera'}
[0.000608] (-) JobUnselected: {'identifier': 'orbbec_camera_msgs'}
[0.000625] (-) JobUnselected: {'identifier': 'orbbec_description'}
[0.000642] (-) JobUnselected: {'identifier': 'test_config'}
[0.000658] (-) JobUnselected: {'identifier': 'yahboom_M3Pro_DepthCam'}
[0.000674] (-) JobUnselected: {'identifier': 'yahboom_M3Pro_description'}
[0.000692] (-) JobUnselected: {'identifier': 'yahboom_M3Pro_laser'}
[0.000709] (-) JobUnselected: {'identifier': 'yahboomcar_ctrl'}
[0.000727] (-) JobUnselected: {'identifier': 'yahboomcar_mediapipe'}
[0.000744] (-) JobUnselected: {'identifier': 'yahboomcar_msgs'}
[0.000762] (-) EventReactorShutdown: {}
