[0.000000] (-) TimerEvent: {}
[0.000274] (-) JobUnselected: {'identifier': 'M3Pro_KCF'}
[0.000308] (-) JobUnselected: {'identifier': 'M3Pro_MoveIt_demo'}
[0.000329] (-) JobUnselected: {'identifier': 'M3Pro_config'}
[0.000348] (-) JobUnselected: {'identifier': 'M3Pro_demo'}
[0.000365] (-) JobUnselected: {'identifier': 'arm_driver'}
[0.000382] (-) JobUnselected: {'identifier': 'arm_interface'}
[0.000400] (-) JobUnselected: {'identifier': 'arm_kin'}
[0.000479] (-) JobUnselected: {'identifier': 'arm_msgs'}
[0.000556] (-) JobUnselected: {'identifier': 'orbbec_camera'}
[0.000573] (-) JobUnselected: {'identifier': 'orbbec_camera_msgs'}
[0.000590] (-) JobUnselected: {'identifier': 'orbbec_description'}
[0.000606] (-) JobUnselected: {'identifier': 'test_config'}
[0.000623] (-) JobUnselected: {'identifier': 'yahboom_M3Pro_DepthCam'}
[0.000639] (-) JobUnselected: {'identifier': 'yahboom_M3Pro_description'}
[0.000655] (-) JobUnselected: {'identifier': 'yahboom_M3Pro_laser'}
[0.000671] (-) JobUnselected: {'identifier': 'yahboomcar_ctrl'}
[0.000687] (-) JobUnselected: {'identifier': 'yahboomcar_mediapipe'}
[0.000704] (-) JobUnselected: {'identifier': 'yahboomcar_msgs'}
[0.000720] (-) EventReactorShutdown: {}
