running egg_info
creating ../../build/yahboomcar_ctrl/yahboomcar_ctrl.egg-info
writing ../../build/yahboomcar_ctrl/yahboomcar_ctrl.egg-info/PKG-INFO
writing dependency_links to ../../build/yahboomcar_ctrl/yahboomcar_ctrl.egg-info/dependency_links.txt
writing entry points to ../../build/yahboomcar_ctrl/yahboomcar_ctrl.egg-info/entry_points.txt
writing requirements to ../../build/yahboomcar_ctrl/yahboomcar_ctrl.egg-info/requires.txt
writing top-level names to ../../build/yahboomcar_ctrl/yahboomcar_ctrl.egg-info/top_level.txt
writing manifest file '../../build/yahboomcar_ctrl/yahboomcar_ctrl.egg-info/SOURCES.txt'
reading manifest file '../../build/yahboomcar_ctrl/yahboomcar_ctrl.egg-info/SOURCES.txt'
writing manifest file '../../build/yahboomcar_ctrl/yahboomcar_ctrl.egg-info/SOURCES.txt'
running build
running build_py
creating /home/pawan/yahboomcar_ws/build/yahboomcar_ctrl/build
creating /home/pawan/yahboomcar_ws/build/yahboomcar_ctrl/build/lib
creating /home/pawan/yahboomcar_ws/build/yahboomcar_ctrl/build/lib/yahboomcar_ctrl
copying yahboomcar_ctrl/__init__.py -> /home/pawan/yahboomcar_ws/build/yahboomcar_ctrl/build/lib/yahboomcar_ctrl
copying yahboomcar_ctrl/yahboom_joy_M3Pro.py -> /home/pawan/yahboomcar_ws/build/yahboomcar_ctrl/build/lib/yahboomcar_ctrl
copying yahboomcar_ctrl/yahboom_keyboard.py -> /home/pawan/yahboomcar_ws/build/yahboomcar_ctrl/build/lib/yahboomcar_ctrl
copying yahboomcar_ctrl/yahboom_joy_R2.py -> /home/pawan/yahboomcar_ws/build/yahboomcar_ctrl/build/lib/yahboomcar_ctrl
running install
running install_lib
creating /home/pawan/yahboomcar_ws/install/yahboomcar_ctrl/lib/python3.10/site-packages/yahboomcar_ctrl
copying /home/pawan/yahboomcar_ws/build/yahboomcar_ctrl/build/lib/yahboomcar_ctrl/__init__.py -> /home/pawan/yahboomcar_ws/install/yahboomcar_ctrl/lib/python3.10/site-packages/yahboomcar_ctrl
copying /home/pawan/yahboomcar_ws/build/yahboomcar_ctrl/build/lib/yahboomcar_ctrl/yahboom_joy_M3Pro.py -> /home/pawan/yahboomcar_ws/install/yahboomcar_ctrl/lib/python3.10/site-packages/yahboomcar_ctrl
copying /home/pawan/yahboomcar_ws/build/yahboomcar_ctrl/build/lib/yahboomcar_ctrl/yahboom_keyboard.py -> /home/pawan/yahboomcar_ws/install/yahboomcar_ctrl/lib/python3.10/site-packages/yahboomcar_ctrl
copying /home/pawan/yahboomcar_ws/build/yahboomcar_ctrl/build/lib/yahboomcar_ctrl/yahboom_joy_R2.py -> /home/pawan/yahboomcar_ws/install/yahboomcar_ctrl/lib/python3.10/site-packages/yahboomcar_ctrl
byte-compiling /home/pawan/yahboomcar_ws/install/yahboomcar_ctrl/lib/python3.10/site-packages/yahboomcar_ctrl/__init__.py to __init__.cpython-310.pyc
byte-compiling /home/pawan/yahboomcar_ws/install/yahboomcar_ctrl/lib/python3.10/site-packages/yahboomcar_ctrl/yahboom_joy_M3Pro.py to yahboom_joy_M3Pro.cpython-310.pyc
byte-compiling /home/pawan/yahboomcar_ws/install/yahboomcar_ctrl/lib/python3.10/site-packages/yahboomcar_ctrl/yahboom_keyboard.py to yahboom_keyboard.cpython-310.pyc
byte-compiling /home/pawan/yahboomcar_ws/install/yahboomcar_ctrl/lib/python3.10/site-packages/yahboomcar_ctrl/yahboom_joy_R2.py to yahboom_joy_R2.cpython-310.pyc
running install_data
creating /home/pawan/yahboomcar_ws/install/yahboomcar_ctrl/share/ament_index
creating /home/pawan/yahboomcar_ws/install/yahboomcar_ctrl/share/ament_index/resource_index
creating /home/pawan/yahboomcar_ws/install/yahboomcar_ctrl/share/ament_index/resource_index/packages
copying resource/yahboomcar_ctrl -> /home/pawan/yahboomcar_ws/install/yahboomcar_ctrl/share/ament_index/resource_index/packages
copying package.xml -> /home/pawan/yahboomcar_ws/install/yahboomcar_ctrl/share/yahboomcar_ctrl
creating /home/pawan/yahboomcar_ws/install/yahboomcar_ctrl/share/yahboomcar_ctrl/launch
copying launch/yahboomcar_joy_launch.py -> /home/pawan/yahboomcar_ws/install/yahboomcar_ctrl/share/yahboomcar_ctrl/launch
running install_egg_info
Copying ../../build/yahboomcar_ctrl/yahboomcar_ctrl.egg-info to /home/pawan/yahboomcar_ws/install/yahboomcar_ctrl/lib/python3.10/site-packages/yahboomcar_ctrl-0.0.0-py3.10.egg-info
running install_scripts
Installing yahboom_joy_M3Pro script to /home/pawan/yahboomcar_ws/install/yahboomcar_ctrl/lib/yahboomcar_ctrl
Installing yahboom_joy_R2 script to /home/pawan/yahboomcar_ws/install/yahboomcar_ctrl/lib/yahboomcar_ctrl
Installing yahboom_keyboard script to /home/pawan/yahboomcar_ws/install/yahboomcar_ctrl/lib/yahboomcar_ctrl
writing list of installed files to '/home/pawan/yahboomcar_ws/build/yahboomcar_ctrl/install.log'
