[0.000000] (-) TimerEvent: {}
[0.000419] (-) JobUnselected: {'identifier': 'M3Pro_KCF'}
[0.000458] (-) JobUnselected: {'identifier': 'M3Pro_MoveIt_demo'}
[0.000482] (-) JobUnselected: {'identifier': 'M3Pro_config'}
[0.000504] (-) JobUnselected: {'identifier': 'M3Pro_demo'}
[0.000524] (-) JobUnselected: {'identifier': 'arm_driver'}
[0.000544] (-) JobUnselected: {'identifier': 'arm_interface'}
[0.000564] (-) JobUnselected: {'identifier': 'arm_kin'}
[0.000583] (-) JobUnselected: {'identifier': 'arm_msgs'}
[0.000603] (-) JobUnselected: {'identifier': 'orbbec_camera'}
[0.000622] (-) JobUnselected: {'identifier': 'orbbec_camera_msgs'}
[0.000641] (-) JobUnselected: {'identifier': 'orbbec_description'}
[0.000661] (-) JobUnselected: {'identifier': 'test_config'}
[0.000680] (-) JobUnselected: {'identifier': 'yahboom_M3Pro_DepthCam'}
[0.000699] (-) JobUnselected: {'identifier': 'yahboom_M3Pro_description'}
[0.000719] (-) JobUnselected: {'identifier': 'yahboom_M3Pro_laser'}
[0.000737] (-) JobUnselected: {'identifier': 'yahboomcar_ctrl'}
[0.000757] (-) JobUnselected: {'identifier': 'yahboomcar_mediapipe'}
[0.000775] (-) JobUnselected: {'identifier': 'yahboomcar_msgs'}
[0.000795] (-) EventReactorShutdown: {}
