[0.718s] Invoking command in '/home/pawan/yahboomcar_ws/build/orbbec_description': CMAKE_PREFIX_PATH=/opt/ros/humble /usr/bin/cmake /home/pawan/yahboomcar_ws/src/OrbbecSDK_ROS2/orbbec_description -DAMENT_CMAKE_SYMLINK_INSTALL=1 -DCMAKE_INSTALL_PREFIX=/home/pawan/yahboomcar_ws/install/orbbec_description
[1.454s] -- The C compiler identification is GNU 11.4.0
[1.454s] -- The CXX compiler identification is GNU 11.4.0
[1.454s] -- Detecting C compiler ABI info
[1.454s] -- Detecting C compiler ABI info - done
[1.454s] -- Check for working C compiler: /usr/bin/cc - skipped
[1.454s] -- Detecting C compile features
[1.454s] -- Detecting C compile features - done
[1.454s] -- Detecting CXX compiler ABI info
[1.454s] -- Detecting CXX compiler ABI info - done
[1.455s] -- Check for working CXX compiler: /usr/bin/c++ - skipped
[1.455s] -- Detecting CXX compile features
[1.455s] -- Detecting CXX compile features - done
[1.455s] -- Found ament_cmake: 1.3.14 (/opt/ros/humble/share/ament_cmake/cmake)
[1.455s] -- Found Python3: /usr/bin/python3 (found version "3.10.12") found components: Interpreter 
[1.455s] -- Override CMake install command with custom implementation using symlinks instead of copying resources
[1.455s] -- Configuring done
[1.455s] -- Generating done
[1.455s] -- Build files have been written to: /home/pawan/yahboomcar_ws/build/orbbec_description
[1.457s] Invoked command in '/home/pawan/yahboomcar_ws/build/orbbec_description' returned '0': CMAKE_PREFIX_PATH=/opt/ros/humble /usr/bin/cmake /home/pawan/yahboomcar_ws/src/OrbbecSDK_ROS2/orbbec_description -DAMENT_CMAKE_SYMLINK_INSTALL=1 -DCMAKE_INSTALL_PREFIX=/home/pawan/yahboomcar_ws/install/orbbec_description
[1.458s] Invoking command in '/home/pawan/yahboomcar_ws/build/orbbec_description': CMAKE_PREFIX_PATH=/opt/ros/humble /usr/bin/cmake --build /home/pawan/yahboomcar_ws/build/orbbec_description -- -j20 -l20
[1.472s] Invoked command in '/home/pawan/yahboomcar_ws/build/orbbec_description' returned '0': CMAKE_PREFIX_PATH=/opt/ros/humble /usr/bin/cmake --build /home/pawan/yahboomcar_ws/build/orbbec_description -- -j20 -l20
[1.481s] Invoking command in '/home/pawan/yahboomcar_ws/build/orbbec_description': CMAKE_PREFIX_PATH=/opt/ros/humble /usr/bin/cmake --install /home/pawan/yahboomcar_ws/build/orbbec_description
[1.492s] -- Install configuration: ""
[1.493s] -- Execute custom install script
[1.493s] -- Symlinking: /home/pawan/yahboomcar_ws/install/orbbec_description/share/orbbec_description/launch/Log/OrbbecSDK.log.txt
[1.499s] -- Symlinking: /home/pawan/yahboomcar_ws/install/orbbec_description/share/orbbec_description/launch/launch_utils.py
[1.507s] -- Symlinking: /home/pawan/yahboomcar_ws/install/orbbec_description/share/orbbec_description/launch/view_model.launch.py
[1.513s] -- Symlinking: /home/pawan/yahboomcar_ws/install/orbbec_description/share/orbbec_description/meshes/AstraPlus.stl
[1.519s] -- Symlinking: /home/pawan/yahboomcar_ws/install/orbbec_description/share/orbbec_description/meshes/femto_bolt/femto_bolt.stl
[1.525s] -- Symlinking: /home/pawan/yahboomcar_ws/install/orbbec_description/share/orbbec_description/meshes/gemini335_336/camera_bottom_screw_frame.STL
[1.531s] -- Symlinking: /home/pawan/yahboomcar_ws/install/orbbec_description/share/orbbec_description/meshes/gemini335_336/camera_color_frame.STL
[1.538s] -- Symlinking: /home/pawan/yahboomcar_ws/install/orbbec_description/share/orbbec_description/meshes/gemini335_336/camera_color_optical_frame.STL
[1.544s] -- Symlinking: /home/pawan/yahboomcar_ws/install/orbbec_description/share/orbbec_description/meshes/gemini335_336/camera_depth_frame.STL
[1.553s] -- Symlinking: /home/pawan/yahboomcar_ws/install/orbbec_description/share/orbbec_description/meshes/gemini335_336/camera_depth_optical_frame.STL
[1.560s] -- Symlinking: /home/pawan/yahboomcar_ws/install/orbbec_description/share/orbbec_description/meshes/gemini335_336/camera_infra2_frame.STL
[1.565s] -- Symlinking: /home/pawan/yahboomcar_ws/install/orbbec_description/share/orbbec_description/meshes/gemini335_336/camera_infra2_optical_frame.STL
[1.571s] -- Symlinking: /home/pawan/yahboomcar_ws/install/orbbec_description/share/orbbec_description/meshes/gemini335_336/camera_infra_1_frame.STL
[1.578s] -- Symlinking: /home/pawan/yahboomcar_ws/install/orbbec_description/share/orbbec_description/meshes/gemini335_336/camera_infra_1_optical_frame.STL
[1.587s] -- Symlinking: /home/pawan/yahboomcar_ws/install/orbbec_description/share/orbbec_description/meshes/gemini335_336/camera_link.STL
[1.594s] -- Symlinking: /home/pawan/yahboomcar_ws/install/orbbec_description/share/orbbec_description/urdf/_gemini_335_336.urdf.xacro
[1.601s] -- Symlinking: /home/pawan/yahboomcar_ws/install/orbbec_description/share/orbbec_description/urdf/femto_bolt.urdf.xacro
[1.612s] -- Symlinking: /home/pawan/yahboomcar_ws/install/orbbec_description/share/orbbec_description/urdf/test_gemini_335.urdf.xarco
[1.617s] -- Symlinking: /home/pawan/yahboomcar_ws/install/orbbec_description/share/orbbec_description/urdf/test_gemini_336.urdf.xarco
[1.625s] -- Symlinking: /home/pawan/yahboomcar_ws/install/orbbec_description/share/orbbec_description/rviz/urdf.rviz
[1.633s] -- Symlinking: /home/pawan/yahboomcar_ws/install/orbbec_description/share/ament_index/resource_index/package_run_dependencies/orbbec_description
[1.642s] -- Symlinking: /home/pawan/yahboomcar_ws/install/orbbec_description/share/ament_index/resource_index/parent_prefix_path/orbbec_description
[1.651s] -- Symlinking: /home/pawan/yahboomcar_ws/install/orbbec_description/share/orbbec_description/environment/ament_prefix_path.sh
[1.657s] -- Symlinking: /home/pawan/yahboomcar_ws/install/orbbec_description/share/orbbec_description/environment/ament_prefix_path.dsv
[1.662s] -- Symlinking: /home/pawan/yahboomcar_ws/install/orbbec_description/share/orbbec_description/environment/path.sh
[1.667s] -- Symlinking: /home/pawan/yahboomcar_ws/install/orbbec_description/share/orbbec_description/environment/path.dsv
[1.674s] -- Symlinking: /home/pawan/yahboomcar_ws/install/orbbec_description/share/orbbec_description/local_setup.bash
[1.683s] -- Symlinking: /home/pawan/yahboomcar_ws/install/orbbec_description/share/orbbec_description/local_setup.sh
[1.689s] -- Symlinking: /home/pawan/yahboomcar_ws/install/orbbec_description/share/orbbec_description/local_setup.zsh
[1.697s] -- Symlinking: /home/pawan/yahboomcar_ws/install/orbbec_description/share/orbbec_description/local_setup.dsv
[1.704s] -- Symlinking: /home/pawan/yahboomcar_ws/install/orbbec_description/share/orbbec_description/package.dsv
[1.712s] -- Symlinking: /home/pawan/yahboomcar_ws/install/orbbec_description/share/ament_index/resource_index/packages/orbbec_description
[1.722s] -- Symlinking: /home/pawan/yahboomcar_ws/install/orbbec_description/share/orbbec_description/cmake/orbbec_descriptionConfig.cmake
[1.730s] -- Symlinking: /home/pawan/yahboomcar_ws/install/orbbec_description/share/orbbec_description/cmake/orbbec_descriptionConfig-version.cmake
[1.739s] -- Symlinking: /home/pawan/yahboomcar_ws/install/orbbec_description/share/orbbec_description/package.xml
