/home/pawan/yahboomcar_ws/install/yahboom_M3Pro_description/lib/python3.10/site-packages/yahboom_M3Pro_description/__init__.py
/home/pawan/yahboomcar_ws/install/yahboom_M3Pro_description/lib/python3.10/site-packages/yahboom_M3Pro_description/__pycache__/__init__.cpython-310.pyc
/home/pawan/yahboomcar_ws/install/yahboom_M3Pro_description/share/ament_index/resource_index/packages/yahboom_M3Pro_description
/home/pawan/yahboomcar_ws/install/yahboom_M3Pro_description/share/yahboom_M3Pro_description/package.xml
/home/pawan/yahboomcar_ws/install/yahboom_M3Pro_description/share/yahboom_M3Pro_description/urdf/M3Pro.urdf
/home/pawan/yahboomcar_ws/install/yahboom_M3Pro_description/share/yahboom_M3Pro_description/meshes/llink1.STL
/home/pawan/yahboomcar_ws/install/yahboom_M3Pro_description/share/yahboom_M3Pro_description/meshes/Gripping.STL
/home/pawan/yahboomcar_ws/install/yahboom_M3Pro_description/share/yahboom_M3Pro_description/meshes/rlink1.STL
/home/pawan/yahboomcar_ws/install/yahboom_M3Pro_description/share/yahboom_M3Pro_description/meshes/llink3.STL
/home/pawan/yahboomcar_ws/install/yahboom_M3Pro_description/share/yahboom_M3Pro_description/meshes/arm5.STL
/home/pawan/yahboomcar_ws/install/yahboom_M3Pro_description/share/yahboom_M3Pro_description/meshes/arm3.STL
/home/pawan/yahboomcar_ws/install/yahboom_M3Pro_description/share/yahboom_M3Pro_description/meshes/lwheel2.STL
/home/pawan/yahboomcar_ws/install/yahboom_M3Pro_description/share/yahboom_M3Pro_description/meshes/rwheel2.STL
/home/pawan/yahboomcar_ws/install/yahboom_M3Pro_description/share/yahboom_M3Pro_description/meshes/rlink3.STL
/home/pawan/yahboomcar_ws/install/yahboom_M3Pro_description/share/yahboom_M3Pro_description/meshes/DCW2.STL
/home/pawan/yahboomcar_ws/install/yahboom_M3Pro_description/share/yahboom_M3Pro_description/meshes/lwheel1.STL
/home/pawan/yahboomcar_ws/install/yahboom_M3Pro_description/share/yahboom_M3Pro_description/meshes/arm4.STL
/home/pawan/yahboomcar_ws/install/yahboom_M3Pro_description/share/yahboom_M3Pro_description/meshes/arm2.STL
/home/pawan/yahboomcar_ws/install/yahboom_M3Pro_description/share/yahboom_M3Pro_description/meshes/rwheel1.STL
/home/pawan/yahboomcar_ws/install/yahboom_M3Pro_description/share/yahboom_M3Pro_description/meshes/arm_base_Link.STL
/home/pawan/yahboomcar_ws/install/yahboom_M3Pro_description/share/yahboom_M3Pro_description/meshes/Camera.STL
/home/pawan/yahboomcar_ws/install/yahboom_M3Pro_description/share/yahboom_M3Pro_description/meshes/base_link.STL
/home/pawan/yahboomcar_ws/install/yahboom_M3Pro_description/share/yahboom_M3Pro_description/meshes/llink2.STL
/home/pawan/yahboomcar_ws/install/yahboom_M3Pro_description/share/yahboom_M3Pro_description/meshes/rlink2.STL
/home/pawan/yahboomcar_ws/install/yahboom_M3Pro_description/share/yahboom_M3Pro_description/meshes/arm1.STL
/home/pawan/yahboomcar_ws/install/yahboom_M3Pro_description/share/yahboom_M3Pro_description/launch/display_launch.py
/home/pawan/yahboomcar_ws/install/yahboom_M3Pro_description/lib/python3.10/site-packages/yahboom_M3Pro_description-0.0.0-py3.10.egg-info/requires.txt
/home/pawan/yahboomcar_ws/install/yahboom_M3Pro_description/lib/python3.10/site-packages/yahboom_M3Pro_description-0.0.0-py3.10.egg-info/entry_points.txt
/home/pawan/yahboomcar_ws/install/yahboom_M3Pro_description/lib/python3.10/site-packages/yahboom_M3Pro_description-0.0.0-py3.10.egg-info/dependency_links.txt
/home/pawan/yahboomcar_ws/install/yahboom_M3Pro_description/lib/python3.10/site-packages/yahboom_M3Pro_description-0.0.0-py3.10.egg-info/zip-safe
/home/pawan/yahboomcar_ws/install/yahboom_M3Pro_description/lib/python3.10/site-packages/yahboom_M3Pro_description-0.0.0-py3.10.egg-info/SOURCES.txt
/home/pawan/yahboomcar_ws/install/yahboom_M3Pro_description/lib/python3.10/site-packages/yahboom_M3Pro_description-0.0.0-py3.10.egg-info/PKG-INFO
/home/pawan/yahboomcar_ws/install/yahboom_M3Pro_description/lib/python3.10/site-packages/yahboom_M3Pro_description-0.0.0-py3.10.egg-info/top_level.txt
